= Host-specific information ====================================================
$> hostname; uname -msr
e2r3p5.unit.ua
Darwin 17.0.0 x86_64
$> date
Tue Jan  9 13:57:10 EET 2018
$> gcc --version
Configured with: --prefix=/Applications/Xcode.app/Contents/Developer/usr --with-gxx-include-dir=/Applications/Xcode.app/Contents/Developer/Platforms/MacOSX.platform/Developer/SDKs/MacOSX10.13.sdk/usr/include/c++/4.2.1
Apple LLVM version 9.0.0 (clang-900.0.34.1)
Target: x86_64-apple-darwin17.0.0
Thread model: posix
InstalledDir: /Applications/Xcode.app/Contents/Developer/Toolchains/XcodeDefault.xctoolchain/usr/bin
$> clang --version
Apple LLVM version 9.0.0 (clang-900.0.34.1)
Target: x86_64-apple-darwin17.0.0
Thread model: posix
InstalledDir: /Applications/Xcode.app/Contents/Developer/Toolchains/XcodeDefault.xctoolchain/usr/bin

= User files collection ========================================================
Collecting user files from Vogsphere
Repository URL: auto-exam/2018/c-exam-alone-in-the-dark-beginner/exam_20180109/aorji

= Git history ==================================================================
$> git -C /var/folders/pd/g5gwcghn5tzghxmmh8gmgsl40000gp/T/tmpzxDE1V/user log --pretty='%H - %an, %ad : %s'
e00b821d5d7b83155fef036b5389b16009584448 - Exam 42, Tue Jan 9 13:56:59 2018 +0200 : d
2e116447ea586d8b4cf3ee8d8daa7905afae7eee - Exam 42, Tue Jan 9 12:02:28 2018 +0200 : dup
afa0814c5a27cc34b1b61a45a11a8422c4ba96ad - Exam 42, Tue Jan 9 10:36:10 2018 +0200 : putstr
66fae3536f66a317862805a297cfb88c165eb73c - Exam 42, Tue Jan 9 10:16:57 2018 +0200 : print_numb
 
= Collected files ==========================================
$> ls -lAR /var/folders/pd/g5gwcghn5tzghxmmh8gmgsl40000gp/T/tmpzxDE1V/user
total 8
-rw-r--r--  1 deepthought  deepthought  1075 Jan  9 13:57 __GIT_HISTORY
drwxr-xr-x  3 deepthought  deepthought   102 Jan  9 13:57 ft_print_numbers
drwxr-xr-x  3 deepthought  deepthought   102 Jan  9 13:57 ft_putstr
drwxr-xr-x  4 deepthought  deepthought   136 Jan  9 13:57 ft_strdup
drwxr-xr-x  4 deepthought  deepthought   136 Jan  9 13:57 rstr_capitalizer

/var/folders/pd/g5gwcghn5tzghxmmh8gmgsl40000gp/T/tmpzxDE1V/user/ft_print_numbers:
total 8
-rw-r--r--  1 deepthought  deepthought  1012 Jan  9 13:57 ft_print_numbers.c

/var/folders/pd/g5gwcghn5tzghxmmh8gmgsl40000gp/T/tmpzxDE1V/user/ft_putstr:
total 8
-rw-r--r--  1 deepthought  deepthought  1013 Jan  9 13:57 ft_putstr.c

/var/folders/pd/g5gwcghn5tzghxmmh8gmgsl40000gp/T/tmpzxDE1V/user/ft_strdup:
total 32
-rw-r--r--  1 deepthought  deepthought  12288 Jan  9 13:57 .ft_strdup.c.swp
-rw-r--r--  1 deepthought  deepthought   1190 Jan  9 13:57 ft_strdup.c

/var/folders/pd/g5gwcghn5tzghxmmh8gmgsl40000gp/T/tmpzxDE1V/user/rstr_capitalizer:
total 32
-rw-r--r--  1 deepthought  deepthought  12288 Jan  9 13:57 .rstr_capitalizer.c.swp
-rw-r--r--  1 deepthought  deepthought   1553 Jan  9 13:57 rstr_capitalizer.c
 
= rstr_capitalizer =============================================================
$> gcc -Wextra -Wall -Werror rstr_capitalizer.c -o user_exe 

= Test 1 ===================================================
$> ./von1no1fxa50k07yyvfvow47 
$> diff -U 3 user_output_test1 test1.output | cat -e

Diff OK :D
= Test 2 ===================================================
$> ./yw7he64wqnbew9u6c6u6uie9 
$> diff -U 3 user_output_test2 test2.output | cat -e

Diff OK :D
= Test 3 ===================================================
$> ./dx20nyh1mh6ctlepyahivs4e "LVnYuKlEXDS5bidy0"
$> diff -U 3 user_output_test3 test3.output | cat -e

Diff OK :D
= Test 4 ===================================================
$> ./l23rw6q5pzopy34lan4t06zs " 		-cX8Ze 0FI6Lyv5i329kSHqKcX5tYi=gIYTVOk9ve2fGZyAQ02HM:k6T3JLmcUND7Y9uWq65qJAWZrOywf4sMvLm:"
$> diff -U 3 user_output_test4 test4.output | cat -e
--- user_output_test4	2018-01-09 13:57:13.000000000 +0200$
+++ test4.output	2018-01-09 13:57:13.000000000 +0200$
@@ -1 +1 @@$
-  				-cx8zE  0fi6lyv5i329kshqkcx5tyi=giytvok9ve2fgzyaq02hm:k6t3jlmcund7y9uwq65qjawzroywf4smvlm:$
+ 		-cx8zE 0fi6lyv5i329kshqkcx5tyi=giytvok9ve2fgzyaq02hm:k6t3jlmcund7y9uwq65qjawzroywf4smvlm:$

Diff KO :(
Grade: 0

= Final grade: 0 ===============================================================
