= Host-specific information ====================================================
$> hostname; uname -msr
e2r13p4.unit.ua
Darwin 17.4.0 x86_64
$> date
Tue Mar 27 11:51:39 EEST 2018
$> gcc --version
Configured with: --prefix=/Applications/Xcode.app/Contents/Developer/usr --with-gxx-include-dir=/Applications/Xcode.app/Contents/Developer/Platforms/MacOSX.platform/Developer/SDKs/MacOSX10.13.sdk/usr/include/c++/4.2.1
Apple LLVM version 9.0.0 (clang-900.0.39.2)
Target: x86_64-apple-darwin17.4.0
Thread model: posix
InstalledDir: /Applications/Xcode.app/Contents/Developer/Toolchains/XcodeDefault.xctoolchain/usr/bin
$> clang --version
Apple LLVM version 9.0.0 (clang-900.0.39.2)
Target: x86_64-apple-darwin17.4.0
Thread model: posix
InstalledDir: /Applications/Xcode.app/Contents/Developer/Toolchains/XcodeDefault.xctoolchain/usr/bin

= User files collection ========================================================
Collecting user files from Vogsphere
Repository URL: auto-exam/2018/c-exam-alone-in-the-dark-beginner/exam_20180327/aorji

= Git history ==================================================================
$> git -C /var/folders/_y/rwx6yjnn3s1dhylrcx4g9f4r0000gp/T/tmpK6trhI/user log --pretty='%H - %an, %ad : %s'
96c8f1d84380205a7686e987bce08ac6f541f577 - Exam 42, Tue Mar 27 11:51:19 2018 +0300 : br
19b92faa008a1bcc17477e010535a89536d4e706 - Exam 42, Tue Mar 27 11:12:22 2018 +0300 : base
aa767e69402b5fd1df3741e4e58708d6c7e627f3 - Exam 42, Tue Mar 27 10:38:37 2018 +0300 : remove
 
= Collected files ==========================================
$> ls -lAR /var/folders/_y/rwx6yjnn3s1dhylrcx4g9f4r0000gp/T/tmpK6trhI/user
total 8
-rw-r--r--  1 deepthought  deepthought  814 Mar 27 11:51 __GIT_HISTORY
drwxr-xr-x  3 deepthought  deepthought  102 Mar 27 11:51 brackets
drwxr-xr-x  3 deepthought  deepthought  102 Mar 27 11:51 ft_itoa_base
drwxr-xr-x  4 deepthought  deepthought  136 Mar 27 11:51 ft_list_remove_if

/var/folders/_y/rwx6yjnn3s1dhylrcx4g9f4r0000gp/T/tmpK6trhI/user/brackets:
total 8
-rw-r--r--  1 deepthought  deepthought  1579 Mar 27 11:51 brackets.c

/var/folders/_y/rwx6yjnn3s1dhylrcx4g9f4r0000gp/T/tmpK6trhI/user/ft_itoa_base:
total 8
-rw-r--r--  1 deepthought  deepthought  1620 Mar 27 11:51 ft_itoa_base.c

/var/folders/_y/rwx6yjnn3s1dhylrcx4g9f4r0000gp/T/tmpK6trhI/user/ft_list_remove_if:
total 16
-rw-r--r--  1 deepthought  deepthought   998 Mar 27 11:51 ft_list.h
-rw-r--r--  1 deepthought  deepthought  1386 Mar 27 11:51 ft_list_remove_if.c
 
= brackets =====================================================================
$> gcc -Wextra -Wall -Werror brackets.c -o user_exe 

= Test 1 ===================================================
$> ./1007vct15g2e0xflyintxq6x '(toto)'
$> diff -U 3 user_output_test1 test1.output | cat -e

Diff OK :D
= Test 2 ===================================================
$> ./mi23v6b2v71l9sxgiaokv07r '([)]'
$> diff -U 3 user_output_test2 test2.output | cat -e

Diff OK :D
= Test 3 ===================================================
$> ./zy7bluvcunepx2yy3t8payw1 '' '{[(0 + 0)(1 + 1)](3*(-1)){()}}'
$> diff -U 3 user_output_test3 test3.output | cat -e

Diff OK :D
= Test 4 ===================================================
$> ./t1ovdpi7mm01ghyn0fe85dg2 
$> diff -U 3 user_output_test4 test4.output | cat -e

Diff OK :D
= Test 5 ===================================================
$> ./dwjd45gv4u50ku6cyr3vbz20 '()' '[]' '{}' '' 'toto' '([{}[{(()[])}()]]())(((([])))())'
$> diff -U 3 user_output_test5 test5.output | cat -e

Diff OK :D
= Test 6 ===================================================
$> ./kvhlanopjiqcure17sj24275 '()[]{}' '([{}])[({})]{([])}'
$> diff -U 3 user_output_test6 test6.output | cat -e

Diff OK :D
= Test 7 ===================================================
$> ./jy0uobxob7z01mz1obfhrqjm '(]' '{)' '[}' ')' '}' ')' '(' '{' '['
$> diff -U 3 user_output_test7 test7.output | cat -e

Diff OK :D
= Test 8 ===================================================
$> ./848f3iljrh5wkimjp3ucfqku '({)}' '[()]{}]' '])}' '([{' "(cette (trace n'a pas [de but precis]) {a part embeter (tout le monde)})"
$> diff -U 3 user_output_test8 test8.output | cat -e

Diff OK :D
Grade: 1

= Final grade: 1 ===============================================================
