= Host-specific information ====================================================
$> hostname; uname -msr
e2r11p18.unit.ua
Darwin 17.4.0 x86_64
$> date
Fri Apr  6 16:03:22 EEST 2018
$> gcc --version
Configured with: --prefix=/Applications/Xcode.app/Contents/Developer/usr --with-gxx-include-dir=/Applications/Xcode.app/Contents/Developer/Platforms/MacOSX.platform/Developer/SDKs/MacOSX10.13.sdk/usr/include/c++/4.2.1
Apple LLVM version 9.0.0 (clang-900.0.39.2)
Target: x86_64-apple-darwin17.4.0
Thread model: posix
InstalledDir: /Applications/Xcode.app/Contents/Developer/Toolchains/XcodeDefault.xctoolchain/usr/bin
$> clang --version
Apple LLVM version 9.0.0 (clang-900.0.39.2)
Target: x86_64-apple-darwin17.4.0
Thread model: posix
InstalledDir: /Applications/Xcode.app/Contents/Developer/Toolchains/XcodeDefault.xctoolchain/usr/bin

= User files collection ========================================================
Collecting user files from Vogsphere
Repository URL: auto-exam/2018/c-exam-alone-in-the-dark-beginner/exam_20180406/aorji

= Git history ==================================================================
$> git -C /var/folders/jp/2hzqzq1n1dv4fntyfb0csx8w0000gp/T/tmp1J0VE2/user log --pretty='%H - %an, %ad : %s'
e44098a0959467dbce5be039c27d92d02bad1380 - Exam 42, Fri Apr 6 16:02:43 2018 +0300 : +
db9f948ff405feba08a2008a2e7b692054cfa9f3 - Exam 42, Fri Apr 6 15:33:23 2018 +0300 : -
2ce1410e0bae236c11365edb02fdfb864eda0841 - Exam 42, Fri Apr 6 14:16:14 2018 +0300 : +
 
= Collected files ==========================================
$> ls -lAR /var/folders/jp/2hzqzq1n1dv4fntyfb0csx8w0000gp/T/tmp1J0VE2/user
total 8
-rw-r--r--  1 deepthought  deepthought  886 Apr  6 16:03 __GIT_HISTORY
drwxr-xr-x  5 deepthought  deepthought  170 Apr  6 16:03 count_alpha
drwxr-xr-x  4 deepthought  deepthought  136 Apr  6 16:03 rpn_calc
drwxr-xr-x  3 deepthought  deepthought  102 Apr  6 16:03 sort_int_tab

/var/folders/jp/2hzqzq1n1dv4fntyfb0csx8w0000gp/T/tmp1J0VE2/user/count_alpha:
total 56
-rw-r--r--  1 deepthought  deepthought  12288 Apr  6 16:03 .count_alpha.c.swp
-rwxr-xr-x  1 deepthought  deepthought   8708 Apr  6 16:03 a.out
-rw-r--r--  1 deepthought  deepthought   1563 Apr  6 16:03 count_alpha.c

/var/folders/jp/2hzqzq1n1dv4fntyfb0csx8w0000gp/T/tmp1J0VE2/user/rpn_calc:
total 32
-rwxr-xr-x  1 deepthought  deepthought  8736 Apr  6 16:03 a.out
-rw-r--r--  1 deepthought  deepthought  2746 Apr  6 16:03 rpn_calc.c

/var/folders/jp/2hzqzq1n1dv4fntyfb0csx8w0000gp/T/tmp1J0VE2/user/sort_int_tab:
total 8
-rw-r--r--  1 deepthought  deepthought  1173 Apr  6 16:03 sort_int_tab.c
 
= count_alpha ==================================================================
$> gcc -Wextra -Wall -Werror count_alpha.c -o user_exe 

= Test 1 ===================================================
$> ./eiib7yia1sat33jqa8nw0sgj 
$> diff -U 3 user_output_test1 test1.output | cat -e

Diff OK :D
= Test 2 ===================================================
$> ./69w4i5r2yoa4823e80xxc35t "Cuhgbsk6OZ" "HzDJ6I" "t2SlkToKDg4EXO9" "f6wCJUQiy"
$> diff -U 3 user_output_test2 test2.output | cat -e

Diff OK :D
= Test 3 ===================================================
$> ./0eo6i8amtt29nasm3oi0f4cf "I8LPoE2ZD7FCX"
$> diff -U 3 user_output_test3 test3.output | cat -e

Diff OK :D
= Test 4 ===================================================
$> ./3d8g4l6yynkujwf7olbg88mx "HtcCek37v1gXx"
$> diff -U 3 user_output_test4 test4.output | cat -e

Diff OK :D
= Test 5 ===================================================
$> ./a54v61vpsrp1g4m5ifziwd4c "pKOYmQRZPwiJW"
$> diff -U 3 user_output_test5 test5.output | cat -e

Diff OK :D
= Test 6 ===================================================
$> ./tiq3uro810pwfjomxb9uc4jc "0kMzvQxBUdtF"
$> diff -U 3 user_output_test6 test6.output | cat -e

Diff OK :D
= Test 7 ===================================================
$> ./0l3vw78apyj8onmav8dqavif "4BMR30DUbW"
$> diff -U 3 user_output_test7 test7.output | cat -e

Diff OK :D
= Test 8 ===================================================
$> ./u1d9v8gedbj3rrz7k3h9733p "bifWJhsq1wdX"
$> diff -U 3 user_output_test8 test8.output | cat -e

Diff OK :D
= Test 9 ===================================================
$> ./w5tkvccl7d2ummw8kgotbehm "G6a7"
$> diff -U 3 user_output_test9 test9.output | cat -e

Diff OK :D
= Test 10 ==================================================
$> ./h9ccyj2oatjvwmaspqmerie6 "tuhQzJVs"
$> diff -U 3 user_output_test10 test10.output | cat -e

Diff OK :D
= Test 11 ==================================================
$> ./ftt0sd7bcv308k4cr3kcpnrr "WuIbo5UVyD tGLlp6XWydbc tT7KEv YeEL16xJcGb JvwA HP3EFTcR24Bd9Z jJp84 irUFx 8WV6ntXP7BSb9UkI xzdDCWE O9Ybh2dBfn niExk4q7OFUpY ZSjPdea P8nZRXksw x12RvG"
$> diff -U 3 user_output_test11 test11.output | cat -e

Diff OK :D
= Test 12 ==================================================
$> ./xp91cnr40vdlhdy51755hm52 "FXboqf4HCym eIFBnEdr Jid9Vp4mkSF 4HgyYDNz PowXELemr1F8UG76d hkj6SA7uFyfl2QzTs XLM4npgkE2Iia0c 2foQ7upnJd DTmA Wsd0 OXLUbFJgyDj4cAQ JNb"
$> diff -U 3 user_output_test12 test12.output | cat -e

Diff OK :D
= Test 13 ==================================================
$> ./x9gau2543rpk1i8cwjom9j77 "TQUZ6juk rth7N1fv nyzvPqg PznELaqFrC2Kvu5oU ZMx W3pQom wStb2aIYFlVxPvQN hMZIH1T9Gx jbLMP E501UbYjime6"
$> diff -U 3 user_output_test13 test13.output | cat -e

Diff OK :D
= Test 14 ==================================================
$> ./v1wlkj1x159ffthcuwpkh2hg "zxF2YrQZ lHQ x18J45vsrwp knZ6ibm jTz3 nL3UE5DbZfr7i9 gCuUEZT9fMLbH cMo ocPE3Rhsvdug4K yCFN2Ga7 tYP4wUROe23n5xhZ L0P5BTi93 PRg1wlWmN46 B0ZCiDhve5A ItuKX8mgqB95x 52vMsgZeK GyP57vBgSIs T0PrB"
$> diff -U 3 user_output_test14 test14.output | cat -e

Diff OK :D
= Test 15 ==================================================
$> ./ued4dcpsx4msfxcg6y2uu3ba "Bj03LMlWOwK z4xkv9uEpDP3 IMu5nspDZ94S ofBTXWnO0jPHqp e0yKjH4c BLuHtKCFYGPW nA4QXb1FlDjs2cx5 fme9I CUzWDSnK IfGEMeg 0Lf5RcbHGJd9rCF4 kOjXJhVofZ2m Vpt 49FJB 3xPGIV75ql1t z2pAigQck"
$> diff -U 3 user_output_test15 test15.output | cat -e

Diff OK :D
= Test 16 ==================================================
$> ./t8aqbv6ymplrb5liic2o2r6w "2MhXq4IiAgH sTZily 9sQncSgpzfl1ijWd wrC DVsvnXyAkUEdw iwt7rD8MPv15LHR C6Q1 TcBHtP 8dnIABZoFj3XDrK wOoIFJ8uE xJtVslNDpZ8jiz PHuq 0EzlFq9w 8ogsqTvnm7ZG EieD s2IXEZP1J5 E8hjSK fGh"
$> diff -U 3 user_output_test16 test16.output | cat -e

Diff OK :D
= Test 17 ==================================================
$> ./aw6n0ve1swc6stuob7orq8gl "WH2BFDXQ7qxhcuV1 8NFnpytuYzxdL 8MYPTjsWeR bUjWpq2PuF0 XBbEvCqzar3Ryw49 87bSma2Q0JpZ XP3wS956p7DLls4 BXiCK"
$> diff -U 3 user_output_test17 test17.output | cat -e

Diff OK :D
= Test 18 ==================================================
$> ./ii90e5h41a73jcksouhk5vq7 "Ay3sPQ kX2Teo1JPf 92zw8U14 SO75aB4EcwpMn nazUfeT2Lu eh1NmyplPjwxQbWrJ rjZmJbn13Ssz6Gwv7 cLxPhmiUA JrwpaxEz8n4 tnEVz9SNY20 dZAsrI5Rp LWO KbFLgJeH fbJdz2"
$> diff -U 3 user_output_test18 test18.output | cat -e

Diff OK :D
= Test 19 ==================================================
$> ./tupqqrzs1ujypwozkhq3s6lp "jDy AeV dnPgH kUxqlGB kJB CN68QTZ2aki9MA s2ny1HCro58t pkWCZaqS sjpyhKItT6z2 mRPZtH6WVU0Ger4 28437oT NG5qJdz 7xsrjT Aj6t5eWFND DZR1XKqOHEF3itB PBgo4izxZdQnG8Cmj sMa XCMZDJiFql7gKB"
$> diff -U 3 user_output_test19 test19.output | cat -e

Diff OK :D
= Test 20 ==================================================
$> ./n3qo2c4z4fsr2h258o8szd8b "dj1FwAy GPZ rLhCOnobWes Y61LXCE8nkbeBtG"
$> diff -U 3 user_output_test20 test20.output | cat -e

Diff OK :D
Grade: 1

= Final grade: 1 ===============================================================
