= Host-specific information ====================================================
$> hostname; uname -msr
e1r3p8.unit.ua
Darwin 15.5.0 x86_64
$> date
Fri Jan 26 15:24:23 EET 2018
$> gcc --version
Configured with: --prefix=/Applications/Xcode.app/Contents/Developer/usr --with-gxx-include-dir=/usr/include/c++/4.2.1
Apple LLVM version 8.0.0 (clang-800.0.42.1)
Target: x86_64-apple-darwin15.5.0
Thread model: posix
InstalledDir: /Applications/Xcode.app/Contents/Developer/Toolchains/XcodeDefault.xctoolchain/usr/bin
$> clang --version
Apple LLVM version 8.0.0 (clang-800.0.42.1)
Target: x86_64-apple-darwin15.5.0
Thread model: posix
InstalledDir: /Applications/Xcode.app/Contents/Developer/Toolchains/XcodeDefault.xctoolchain/usr/bin

= User files collection ========================================================
Collecting user files from Vogsphere
Repository URL: auto-exam/2018/c-exam-alone-in-the-dark-beginner/exam_20180126/aorji

= Git history ==================================================================
$> git -C /var/folders/n_/ywrrhhdd4fb1wtb69mh_s2000000gq/T/tmpi3PQKs/user log --pretty='%H - %an, %ad : %s'
20bcd029cd1b18d4e9e1d7e2d2f57c0dbbc7abdf - Exam 42, Fri Jan 26 15:24:06 2018 +0200 : t
b97af2629feae29e9f087b092e34b2c95e8fdbb6 - Exam 42, Fri Jan 26 15:09:48 2018 +0200 : t
e61553498f73f5eac2eb2a29bf62b2db495c4593 - Exam 42, Fri Jan 26 15:03:40 2018 +0200 : f
 
= Collected files ==========================================
$> ls -lAR /var/folders/n_/ywrrhhdd4fb1wtb69mh_s2000000gq/T/tmpi3PQKs/user
total 8
-rw-r--r--  1 deepthought  deepthought  856 Jan 26 15:24 __GIT_HISTORY
drwxr-xr-x  3 deepthought  deepthought  102 Jan 26 15:24 alpha_mirror
drwxr-xr-x  3 deepthought  deepthought  102 Jan 26 15:24 print_bits
drwxr-xr-x  4 deepthought  deepthought  136 Jan 26 15:24 wdmatch

/var/folders/n_/ywrrhhdd4fb1wtb69mh_s2000000gq/T/tmpi3PQKs/user/alpha_mirror:
total 8
-rw-r--r--  1 deepthought  deepthought  1596 Jan 26 15:24 alpha_mirror.c

/var/folders/n_/ywrrhhdd4fb1wtb69mh_s2000000gq/T/tmpi3PQKs/user/print_bits:
total 8
-rw-r--r--  1 deepthought  deepthought  1065 Jan 26 15:24 print_bits.c

/var/folders/n_/ywrrhhdd4fb1wtb69mh_s2000000gq/T/tmpi3PQKs/user/wdmatch:
total 32
-rwxr-xr-x  1 deepthought  deepthought  8432 Jan 26 15:24 a.out
-rw-r--r--  1 deepthought  deepthought  1306 Jan 26 15:24 wdmatch.c
 
= wdmatch ======================================================================
$> gcc -Wextra -Wall -Werror wdmatch.c -o user_exe 

= Test 1 ===================================================
$> ./5fj0sonbfn8okt3s0blffdqo 
$> diff -U 3 user_output_test1 test1.output | cat -e

Diff OK :D
= Test 2 ===================================================
$> ./g4kjrehar6tpunbguxa7dg56 "salut a tous tout le monde"
$> diff -U 3 user_output_test2 test2.output | cat -e

Diff OK :D
= Test 3 ===================================================
$> ./cm2ntb4s29qs3g009669wlat "salut" "a" "tous" "tout" "le" "monde"
$> diff -U 3 user_output_test3 test3.output | cat -e

Diff OK :D
= Test 4 ===================================================
$> ./l0pvaqsrr614syu09jlf5p39 "llo" "helllo"
$> diff -U 3 user_output_test4 test4.output | cat -e

Diff OK :D
= Test 5 ===================================================
$> ./9exp8po44ilempupi3v8xgxw "9hK" "9rxhCfKw"
$> diff -U 3 user_output_test5 test5.output | cat -e

Diff OK :D
= Test 6 ===================================================
$> ./tm7jk7arj8ciurdy7e3qihi1 "bRS65Ynq" "tbRsS65MYynq"
$> diff -U 3 user_output_test6 test6.output | cat -e

Diff OK :D
= Test 7 ===================================================
$> ./56068xqjjp7lrb4qxjmkidq0 "iZVW" "iFZOJVsWD"
$> diff -U 3 user_output_test7 test7.output | cat -e

Diff OK :D
= Test 8 ===================================================
$> ./n7wlupujiwygypr4d8zppaw4 "ASr" "UApSi3rw"
$> diff -U 3 user_output_test8 test8.output | cat -e

Diff OK :D
= Test 9 ===================================================
$> ./dy1n3qtv829iuk0inppp45bo "Dfco9" "ZG66DSI948rzOiM"
$> diff -U 3 user_output_test9 test9.output | cat -e

Diff OK :D
= Test 10 ==================================================
$> ./zyzs48bys8dh8pm6ejalstc0 "CgorXK" "JCgoQurFSXK"
$> diff -U 3 user_output_test10 test10.output | cat -e

Diff OK :D
= Test 11 ==================================================
$> ./gge2xaeilhuxkgc57r1p72vw "r9RAC" "5cSmEC19Qis"
$> diff -U 3 user_output_test11 test11.output | cat -e

Diff OK :D
= Test 12 ==================================================
$> ./fcdhls72m13zydihm1l5tl18 "0BGPE" "bCRWUt3vh5cde7saGw2qoAjfkmip3"
$> diff -U 3 user_output_test12 test12.output | cat -e

Diff OK :D
= Test 13 ==================================================
$> ./n467hgtpm435qc8kofvc705s "vKt5d" "hYtUV0bzywAQa"
$> diff -U 3 user_output_test13 test13.output | cat -e

Diff OK :D
= Test 14 ==================================================
$> ./e4b5khxkfgnfycavmibozul9 "B5a6s" "VruwjL0qHTPdHIBd"
$> diff -U 3 user_output_test14 test14.output | cat -e

Diff OK :D
= Test 15 ==================================================
$> ./wbn6kd89bkh2zwirytpfrb99 "hKXcxD" "hKXrcVOxDe"
$> diff -U 3 user_output_test15 test15.output | cat -e

Diff OK :D
= Test 16 ==================================================
$> ./9nj8zthmekc917nlhk4zc936 "0vd9S" "Qj0OFvMda9ES"
$> diff -U 3 user_output_test16 test16.output | cat -e

Diff OK :D
= Test 17 ==================================================
$> ./2paxouc4aukjm469oebk2m1d "Row7G" "sZKUcYJjAb40GMTe4wKbonvyZC7PN19"
$> diff -U 3 user_output_test17 test17.output | cat -e

Diff OK :D
= Test 18 ==================================================
$> ./jfrlaui0jov2hxx10qb8rnmz "IdZtf" "RmpDHYytnzOfoEcGVa4HB1"
$> diff -U 3 user_output_test18 test18.output | cat -e

Diff OK :D
= Test 19 ==================================================
$> ./2rc6zofva06sqpf7iu61z4pd "qCQKu" "6X5GkSrTc"
$> diff -U 3 user_output_test19 test19.output | cat -e

Diff OK :D
= Test 20 ==================================================
$> ./1v6r7iri7qcm32nh9zr6zkxb "nSfIZ" "Ojth1oKrySsReO25Id"
$> diff -U 3 user_output_test20 test20.output | cat -e

Diff OK :D
Grade: 1

= Final grade: 1 ===============================================================
