= Host-specific information ====================================================
$> hostname; uname -msr
e2r10p16.unit.ua
Darwin 17.4.0 x86_64
$> date
Fri Apr  6 14:16:32 EEST 2018
$> gcc --version
Configured with: --prefix=/Applications/Xcode.app/Contents/Developer/usr --with-gxx-include-dir=/Applications/Xcode.app/Contents/Developer/Platforms/MacOSX.platform/Developer/SDKs/MacOSX10.13.sdk/usr/include/c++/4.2.1
Apple LLVM version 9.0.0 (clang-900.0.39.2)
Target: x86_64-apple-darwin17.4.0
Thread model: posix
InstalledDir: /Applications/Xcode.app/Contents/Developer/Toolchains/XcodeDefault.xctoolchain/usr/bin
$> clang --version
Apple LLVM version 9.0.0 (clang-900.0.39.2)
Target: x86_64-apple-darwin17.4.0
Thread model: posix
InstalledDir: /Applications/Xcode.app/Contents/Developer/Toolchains/XcodeDefault.xctoolchain/usr/bin

= User files collection ========================================================
Collecting user files from Vogsphere
Repository URL: auto-exam/2018/c-exam-alone-in-the-dark-beginner/exam_20180406/aorji

= Git history ==================================================================
$> git -C /var/folders/v7/lbflch0x4gxd1jxzj4t9nj0r0000gp/T/tmpGnGtyW/user log --pretty='%H - %an, %ad : %s'
2ce1410e0bae236c11365edb02fdfb864eda0841 - Exam 42, Fri Apr 6 14:16:14 2018 +0300 : +
 
= Collected files ==========================================
$> ls -lAR /var/folders/v7/lbflch0x4gxd1jxzj4t9nj0r0000gp/T/tmpGnGtyW/user
total 8
-rw-r--r--  1 deepthought  deepthought  237 Apr  6 14:16 __GIT_HISTORY
drwxr-xr-x  3 deepthought  deepthought  102 Apr  6 14:16 sort_int_tab

/var/folders/v7/lbflch0x4gxd1jxzj4t9nj0r0000gp/T/tmpGnGtyW/user/sort_int_tab:
total 8
-rw-r--r--  1 deepthought  deepthought  1173 Apr  6 14:16 sort_int_tab.c
 
= sort_int_tab =================================================================
$> gcc -Wextra -Wall -Werror main.c sort_int_tab.c -o user_exe 

= Test 1 ===================================================
$> ./rvuyf29na0z581y8b165xcyz
$> diff -U 3 user_output_test1 test1.output | cat -e

Diff OK :D
Grade: 1

= Final grade: 1 ===============================================================
